{"C:\\Users\\Facu\\Desktop\\MELI BACK\\src\\config\\logger.js": {"path":"C:\\Users\\Facu\\Desktop\\MELI BACK\\src\\config\\logger.js","statementMap":{"0":{"start":{"line":1,"column":16},"end":{"line":1,"column":34}},"1":{"start":{"line":2,"column":11},"end":{"line":2,"column":24}},"2":{"start":{"line":3,"column":13},"end":{"line":3,"column":28}},"3":{"start":{"line":5,"column":21},"end":{"line":5,"column":55}},"4":{"start":{"line":8,"column":0},"end":{"line":10,"column":1}},"5":{"start":{"line":9,"column":2},"end":{"line":9,"column":29}},"6":{"start":{"line":13,"column":15},"end":{"line":20,"column":2}},"7":{"start":{"line":22,"column":0},"end":{"line":22,"column":24}}},"fnMap":{},"branchMap":{"0":{"loc":{"start":{"line":8,"column":0},"end":{"line":10,"column":1}},"type":"if","locations":[{"start":{"line":8,"column":0},"end":{"line":10,"column":1}},{"start":{},"end":{}}],"line":8}},"s":{"0":2,"1":2,"2":2,"3":2,"4":2,"5":0,"6":2,"7":2},"f":{},"b":{"0":[0,2]},"_coverageSchema":"1a1c01bbd47fc00a2c39e90264f33305004495a9","hash":"2d48c6db293ac6257d0e64b7178411610dea3818"}
,"C:\\Users\\Facu\\Desktop\\MELI BACK\\src\\controllers\\itemsController.js": {"path":"C:\\Users\\Facu\\Desktop\\MELI BACK\\src\\controllers\\itemsController.js","statementMap":{"0":{"start":{"line":1,"column":14},"end":{"line":1,"column":30}},"1":{"start":{"line":2,"column":15},"end":{"line":2,"column":42}},"2":{"start":{"line":4,"column":0},"end":{"line":72,"column":2}},"3":{"start":{"line":5,"column":2},"end":{"line":71,"column":3}},"4":{"start":{"line":6,"column":4},"end":{"line":6,"column":45}},"5":{"start":{"line":7,"column":22},"end":{"line":7,"column":48}},"6":{"start":{"line":8,"column":4},"end":{"line":8,"column":79}},"7":{"start":{"line":10,"column":4},"end":{"line":64,"column":5}},"8":{"start":{"line":12,"column":21},"end":{"line":12,"column":34}},"9":{"start":{"line":13,"column":6},"end":{"line":13,"column":71}},"10":{"start":{"line":15,"column":27},"end":{"line":17,"column":7}},"11":{"start":{"line":19,"column":6},"end":{"line":27,"column":7}},"12":{"start":{"line":20,"column":8},"end":{"line":22,"column":10}},"13":{"start":{"line":24,"column":8},"end":{"line":26,"column":9}},"14":{"start":{"line":25,"column":10},"end":{"line":25,"column":22}},"15":{"start":{"line":28,"column":6},"end":{"line":28,"column":39}},"16":{"start":{"line":30,"column":23},"end":{"line":45,"column":7}},"17":{"start":{"line":47,"column":27},"end":{"line":53,"column":7}},"18":{"start":{"line":55,"column":6},"end":{"line":55,"column":78}},"19":{"start":{"line":57,"column":6},"end":{"line":57,"column":41}},"20":{"start":{"line":58,"column":11},"end":{"line":64,"column":5}},"21":{"start":{"line":60,"column":6},"end":{"line":60,"column":71}},"22":{"start":{"line":63,"column":6},"end":{"line":63,"column":54}},"23":{"start":{"line":66,"column":4},"end":{"line":66,"column":67}},"24":{"start":{"line":67,"column":4},"end":{"line":67,"column":33}},"25":{"start":{"line":68,"column":4},"end":{"line":70,"column":68}},"26":{"start":{"line":69,"column":6},"end":{"line":69,"column":64}},"27":{"start":{"line":70,"column":11},"end":{"line":70,"column":68}}},"fnMap":{"0":{"name":"(anonymous_0)","decl":{"start":{"line":4,"column":18},"end":{"line":4,"column":19}},"loc":{"start":{"line":4,"column":38},"end":{"line":72,"column":1}},"line":4}},"branchMap":{"0":{"loc":{"start":{"line":10,"column":4},"end":{"line":64,"column":5}},"type":"if","locations":[{"start":{"line":10,"column":4},"end":{"line":64,"column":5}},{"start":{"line":58,"column":11},"end":{"line":64,"column":5}}],"line":10},"1":{"loc":{"start":{"line":24,"column":8},"end":{"line":26,"column":9}},"type":"if","locations":[{"start":{"line":24,"column":8},"end":{"line":26,"column":9}},{"start":{},"end":{}}],"line":24},"2":{"loc":{"start":{"line":42,"column":21},"end":{"line":44,"column":14}},"type":"cond-expr","locations":[{"start":{"line":43,"column":12},"end":{"line":43,"column":47}},{"start":{"line":44,"column":12},"end":{"line":44,"column":14}}],"line":42},"3":{"loc":{"start":{"line":58,"column":11},"end":{"line":64,"column":5}},"type":"if","locations":[{"start":{"line":58,"column":11},"end":{"line":64,"column":5}},{"start":{"line":61,"column":11},"end":{"line":64,"column":5}}],"line":58},"4":{"loc":{"start":{"line":68,"column":4},"end":{"line":70,"column":68}},"type":"if","locations":[{"start":{"line":68,"column":4},"end":{"line":70,"column":68}},{"start":{"line":70,"column":11},"end":{"line":70,"column":68}}],"line":68}},"s":{"0":1,"1":1,"2":1,"3":3,"4":3,"5":3,"6":3,"7":3,"8":3,"9":3,"10":3,"11":1,"12":1,"13":0,"14":0,"15":1,"16":1,"17":1,"18":1,"19":1,"20":0,"21":0,"22":0,"23":2,"24":2,"25":2,"26":1,"27":1},"f":{"0":3},"b":{"0":[3,0],"1":[0,0],"2":[1,0],"3":[0,0],"4":[1,1]},"_coverageSchema":"1a1c01bbd47fc00a2c39e90264f33305004495a9","hash":"ab8ff88478b16fcaa597835cdd01dd5c1097ab4c"}
,"C:\\Users\\Facu\\Desktop\\MELI BACK\\src\\controllers\\searchController.js": {"path":"C:\\Users\\Facu\\Desktop\\MELI BACK\\src\\controllers\\searchController.js","statementMap":{"0":{"start":{"line":1,"column":14},"end":{"line":1,"column":30}},"1":{"start":{"line":2,"column":15},"end":{"line":2,"column":42}},"2":{"start":{"line":3,"column":13},"end":{"line":3,"column":28}},"3":{"start":{"line":4,"column":11},"end":{"line":4,"column":24}},"4":{"start":{"line":5,"column":16},"end":{"line":5,"column":34}},"5":{"start":{"line":7,"column":0},"end":{"line":84,"column":2}},"6":{"start":{"line":8,"column":2},"end":{"line":83,"column":3}},"7":{"start":{"line":9,"column":22},"end":{"line":9,"column":48}},"8":{"start":{"line":10,"column":4},"end":{"line":10,"column":75}},"9":{"start":{"line":12,"column":4},"end":{"line":78,"column":5}},"10":{"start":{"line":14,"column":20},"end":{"line":14,"column":31}},"11":{"start":{"line":15,"column":19},"end":{"line":15,"column":42}},"12":{"start":{"line":16,"column":17},"end":{"line":16,"column":37}},"13":{"start":{"line":17,"column":20},"end":{"line":17,"column":51}},"14":{"start":{"line":18,"column":21},"end":{"line":18,"column":52}},"15":{"start":{"line":19,"column":6},"end":{"line":21,"column":7}},"16":{"start":{"line":20,"column":8},"end":{"line":20,"column":18}},"17":{"start":{"line":22,"column":6},"end":{"line":24,"column":7}},"18":{"start":{"line":23,"column":8},"end":{"line":23,"column":60}},"19":{"start":{"line":25,"column":6},"end":{"line":27,"column":8}},"20":{"start":{"line":29,"column":23},"end":{"line":31,"column":7}},"21":{"start":{"line":32,"column":6},"end":{"line":32,"column":33}},"22":{"start":{"line":33,"column":6},"end":{"line":37,"column":8}},"23":{"start":{"line":35,"column":28},"end":{"line":35,"column":51}},"24":{"start":{"line":36,"column":34},"end":{"line":36,"column":44}},"25":{"start":{"line":39,"column":32},"end":{"line":61,"column":7}},"26":{"start":{"line":47,"column":30},"end":{"line":47,"column":53}},"27":{"start":{"line":48,"column":36},"end":{"line":48,"column":46}},"28":{"start":{"line":49,"column":52},"end":{"line":60,"column":9}},"29":{"start":{"line":63,"column":6},"end":{"line":63,"column":46}},"30":{"start":{"line":64,"column":11},"end":{"line":78,"column":5}},"31":{"start":{"line":66,"column":27},"end":{"line":66,"column":78}},"32":{"start":{"line":67,"column":6},"end":{"line":74,"column":7}},"33":{"start":{"line":68,"column":25},"end":{"line":68,"column":63}},"34":{"start":{"line":69,"column":8},"end":{"line":69,"column":44}},"35":{"start":{"line":70,"column":8},"end":{"line":70,"column":64}},"36":{"start":{"line":71,"column":8},"end":{"line":71,"column":75}},"37":{"start":{"line":73,"column":8},"end":{"line":73,"column":65}},"38":{"start":{"line":77,"column":6},"end":{"line":77,"column":54}},"39":{"start":{"line":80,"column":4},"end":{"line":80,"column":25}},"40":{"start":{"line":81,"column":4},"end":{"line":81,"column":65}},"41":{"start":{"line":82,"column":4},"end":{"line":82,"column":61}}},"fnMap":{"0":{"name":"(anonymous_0)","decl":{"start":{"line":7,"column":17},"end":{"line":7,"column":18}},"loc":{"start":{"line":7,"column":37},"end":{"line":84,"column":1}},"line":7},"1":{"name":"(anonymous_1)","decl":{"start":{"line":35,"column":16},"end":{"line":35,"column":17}},"loc":{"start":{"line":35,"column":28},"end":{"line":35,"column":51}},"line":35},"2":{"name":"(anonymous_2)","decl":{"start":{"line":36,"column":23},"end":{"line":36,"column":24}},"loc":{"start":{"line":36,"column":34},"end":{"line":36,"column":44}},"line":36},"3":{"name":"(anonymous_3)","decl":{"start":{"line":47,"column":18},"end":{"line":47,"column":19}},"loc":{"start":{"line":47,"column":30},"end":{"line":47,"column":53}},"line":47},"4":{"name":"(anonymous_4)","decl":{"start":{"line":48,"column":25},"end":{"line":48,"column":26}},"loc":{"start":{"line":48,"column":36},"end":{"line":48,"column":46}},"line":48},"5":{"name":"(anonymous_5)","decl":{"start":{"line":49,"column":41},"end":{"line":49,"column":42}},"loc":{"start":{"line":49,"column":52},"end":{"line":60,"column":9}},"line":49}},"branchMap":{"0":{"loc":{"start":{"line":12,"column":4},"end":{"line":78,"column":5}},"type":"if","locations":[{"start":{"line":12,"column":4},"end":{"line":78,"column":5}},{"start":{"line":64,"column":11},"end":{"line":78,"column":5}}],"line":12},"1":{"loc":{"start":{"line":15,"column":19},"end":{"line":15,"column":42}},"type":"binary-expr","locations":[{"start":{"line":15,"column":19},"end":{"line":15,"column":33}},{"start":{"line":15,"column":37},"end":{"line":15,"column":42}}],"line":15},"2":{"loc":{"start":{"line":16,"column":17},"end":{"line":16,"column":37}},"type":"binary-expr","locations":[{"start":{"line":16,"column":17},"end":{"line":16,"column":31}},{"start":{"line":16,"column":35},"end":{"line":16,"column":37}}],"line":16},"3":{"loc":{"start":{"line":17,"column":20},"end":{"line":17,"column":51}},"type":"binary-expr","locations":[{"start":{"line":17,"column":20},"end":{"line":17,"column":45}},{"start":{"line":17,"column":49},"end":{"line":17,"column":51}}],"line":17},"4":{"loc":{"start":{"line":18,"column":21},"end":{"line":18,"column":52}},"type":"binary-expr","locations":[{"start":{"line":18,"column":21},"end":{"line":18,"column":47}},{"start":{"line":18,"column":51},"end":{"line":18,"column":52}}],"line":18},"5":{"loc":{"start":{"line":19,"column":6},"end":{"line":21,"column":7}},"type":"if","locations":[{"start":{"line":19,"column":6},"end":{"line":21,"column":7}},{"start":{},"end":{}}],"line":19},"6":{"loc":{"start":{"line":19,"column":10},"end":{"line":19,"column":53}},"type":"binary-expr","locations":[{"start":{"line":19,"column":10},"end":{"line":19,"column":29}},{"start":{"line":19,"column":33},"end":{"line":19,"column":53}}],"line":19},"7":{"loc":{"start":{"line":22,"column":6},"end":{"line":24,"column":7}},"type":"if","locations":[{"start":{"line":22,"column":6},"end":{"line":24,"column":7}},{"start":{},"end":{}}],"line":22},"8":{"loc":{"start":{"line":22,"column":10},"end":{"line":22,"column":49}},"type":"binary-expr","locations":[{"start":{"line":22,"column":10},"end":{"line":22,"column":22}},{"start":{"line":22,"column":26},"end":{"line":22,"column":36}},{"start":{"line":22,"column":40},"end":{"line":22,"column":49}}],"line":22},"9":{"loc":{"start":{"line":46,"column":10},"end":{"line":48,"column":53}},"type":"binary-expr","locations":[{"start":{"line":46,"column":10},"end":{"line":48,"column":47}},{"start":{"line":48,"column":51},"end":{"line":48,"column":53}}],"line":46},"10":{"loc":{"start":{"line":64,"column":11},"end":{"line":78,"column":5}},"type":"if","locations":[{"start":{"line":64,"column":11},"end":{"line":78,"column":5}},{"start":{"line":75,"column":11},"end":{"line":78,"column":5}}],"line":64}},"s":{"0":1,"1":1,"2":1,"3":1,"4":1,"5":1,"6":3,"7":3,"8":3,"9":3,"10":2,"11":2,"12":2,"13":2,"14":2,"15":2,"16":2,"17":2,"18":0,"19":2,"20":2,"21":1,"22":1,"23":1,"24":1,"25":1,"26":1,"27":1,"28":1,"29":1,"30":1,"31":0,"32":0,"33":0,"34":0,"35":0,"36":0,"37":0,"38":1,"39":1,"40":1,"41":1},"f":{"0":3,"1":1,"2":1,"3":1,"4":1,"5":1},"b":{"0":[2,1],"1":[2,2],"2":[2,2],"3":[2,2],"4":[2,2],"5":[2,0],"6":[2,0],"7":[0,2],"8":[2,2,2],"9":[1,0],"10":[0,1]},"_coverageSchema":"1a1c01bbd47fc00a2c39e90264f33305004495a9","hash":"6974352721fc6846c138d74236c0ec163760903e"}
}
